<?xml version="1.0" encoding="UTF-8"?>
<testsuite xmlns:xsi="http://www.w3.org/2001/XMLSchema-instance" xsi:noNamespaceSchemaLocation="https://maven.apache.org/surefire/maven-surefire-plugin/xsd/surefire-test-report.xsd" version="3.0.2" name="TestSuite" time="18.695" tests="2" errors="0" skipped="0" failures="0">
  <properties>
[...]
</properties>
  <testcase name="runScenario[&quot;User able to login to Bank with valid credentials&quot;, &quot;Bank login validation&quot;](1)" classname="Runner.TestrunnerLogin" time="9.024">
    <system-out><![CDATA[
@Smoke @Valid
Scenario: User able to login to Bank with valid credentials &amp#27;[90m# src/test/Resources/Features/Login.feature:8&amp#27;[0m
  &amp#27;[32mGiven &amp#27;[0m&amp#27;[32muser is on Bank login page&amp#27;[0m                          &amp#27;[90m# StepDefinitions.LoginStepdefinition.user_is_on_bank_login_page()&amp#27;[0m
  &amp#27;[32mWhen &amp#27;[0m&amp#27;[32muser enters &amp#27;[0m&amp#27;[32m&amp#27;[1m"mngr603352"&amp#27;[0m&amp#27;[32m and &amp#27;[0m&amp#27;[32m&amp#27;[1m"bejUtUd"&amp#27;[0m               &amp#27;[90m# StepDefinitions.LoginStepdefinition.user_enters_and(java.lang.String,java.lang.String)&amp#27;[0m
  &amp#27;[32mAnd &amp#27;[0m&amp#27;[32muser clicks on the login button&amp#27;[0m                       &amp#27;[90m# StepDefinitions.LoginStepdefinition.user_clicks_on_the_login_button()&amp#27;[0m
  &amp#27;[32mThen &amp#27;[0m&amp#27;[32muser able to login to the bank successfully&amp#27;[0m          &amp#27;[90m# StepDefinitions.LoginStepdefinition.user_able_to_login_to_the_bank_successfully()&amp#27;[0m
]]></system-out>
    <system-err><![CDATA[SLF4J: Failed to load class "org.slf4j.impl.StaticLoggerBinder".
SLF4J: Defaulting to no-operation (NOP) logger implementation
SLF4J: See http://www.slf4j.org/codes.html#StaticLoggerBinder for further details.
Dec 18, 2024 2:23:28 PM org.openqa.selenium.devtools.CdpVersionFinder findNearestMatch
WARNING: Unable to find an exact match for CDP version 131, returning the closest version; found: 129; Please update to a Selenium version that supports CDP version 131
]]></system-err>
  </testcase>
  <testcase name="runScenario[&quot;User unable to login to Bank with invalid credentials&quot;, &quot;Bank login validation&quot;](2)" classname="Runner.TestrunnerLogin" time="8.787">
    <system-out><![CDATA[
@Smoke @Invalid
Scenario: User unable to login to Bank with invalid credentials &amp#27;[90m# src/test/Resources/Features/Login.feature:14&amp#27;[0m
  &amp#27;[32mGiven &amp#27;[0m&amp#27;[32muser is on Bank login page&amp#27;[0m                              &amp#27;[90m# StepDefinitions.LoginStepdefinition.user_is_on_bank_login_page()&amp#27;[0m
  &amp#27;[32mWhen &amp#27;[0m&amp#27;[32muser enters &amp#27;[0m&amp#27;[32m&amp#27;[1m"username"&amp#27;[0m&amp#27;[32m and &amp#27;[0m&amp#27;[32m&amp#27;[1m"password"&amp#27;[0m                    &amp#27;[90m# StepDefinitions.LoginStepdefinition.user_enters_and(java.lang.String,java.lang.String)&amp#27;[0m
  &amp#27;[32mAnd &amp#27;[0m&amp#27;[32muser clicks on the login button&amp#27;[0m                           &amp#27;[90m# StepDefinitions.LoginStepdefinition.user_clicks_on_the_login_button()&amp#27;[0m
User is not valid
  &amp#27;[32mThen &amp#27;[0m&amp#27;[32muser unable to login to the bank&amp#27;[0m                         &amp#27;[90m# StepDefinitions.LoginStepdefinition.user_unable_to_login_to_the_bank()&amp#27;[0m
]]></system-out>
    <system-err><![CDATA[Dec 18, 2024 2:23:35 PM org.openqa.selenium.devtools.CdpVersionFinder findNearestMatch
WARNING: Unable to find an exact match for CDP version 131, returning the closest version; found: 129; Please update to a Selenium version that supports CDP version 131
]]></system-err>
  </testcase>
</testsuite>