<?xml version="1.0" encoding="UTF-8"?>
<testng-results ignored="0" total="2" passed="2" failed="0" skipped="0">
  <reporter-output>
  </reporter-output>
  <suite started-at="2024-12-18T14:23:25 IST" name="All Test Suite" finished-at="2024-12-18T14:23:43 IST" duration-ms="18290">
    <groups>
      <group name="cucumber">
        <method signature="AbstractTestNGCucumberTests.runScenario(io.cucumber.testng.PickleWrapper,io.cucumber.testng.FeatureWrapper)[pri:0, instance:Runner.TestrunnerLogin@1283bb96]" name="runScenario" class="io.cucumber.testng.AbstractTestNGCucumberTests"/>
      </group> <!-- cucumber -->
    </groups>
    <test started-at="2024-12-18T14:23:25 IST" name="C:/Users/Admin/IdeaProjects/CucumberProject" finished-at="2024-12-18T14:23:43 IST" duration-ms="18290">
      <class name="Runner.TestrunnerLogin">
        <test-method is-config="true" signature="setUpClass(org.testng.ITestContext)[pri:0, instance:Runner.TestrunnerLogin@1283bb96]" started-at="2024-12-18T14:23:25 IST" name="setUpClass" finished-at="2024-12-18T14:23:25 IST" duration-ms="411" status="PASS">
          <params>
            <param index="0">
              <value>
                <![CDATA[org.testng.TestRunner@1e530163]]>
              </value>
            </param>
          </params>
          <reporter-output>
          </reporter-output>
        </test-method> <!-- setUpClass -->
        <test-method signature="runScenario(io.cucumber.testng.PickleWrapper,io.cucumber.testng.FeatureWrapper)[pri:0, instance:Runner.TestrunnerLogin@1283bb96]" started-at="2024-12-18T14:23:25 IST" name="runScenario" description="Runs Cucumber Scenarios" data-provider="scenarios" finished-at="2024-12-18T14:23:34 IST" duration-ms="9024" status="PASS">
          <params>
            <param index="0">
              <value>
                <![CDATA["User able to login to Bank with valid credentials"]]>
              </value>
            </param>
            <param index="1">
              <value>
                <![CDATA["Bank login validation"]]>
              </value>
            </param>
          </params>
          <reporter-output>
          </reporter-output>
        </test-method> <!-- runScenario -->
        <test-method signature="runScenario(io.cucumber.testng.PickleWrapper,io.cucumber.testng.FeatureWrapper)[pri:0, instance:Runner.TestrunnerLogin@1283bb96]" started-at="2024-12-18T14:23:34 IST" name="runScenario" description="Runs Cucumber Scenarios" data-provider="scenarios" finished-at="2024-12-18T14:23:43 IST" duration-ms="8789" status="PASS">
          <params>
            <param index="0">
              <value>
                <![CDATA["User unable to login to Bank with invalid credentials"]]>
              </value>
            </param>
            <param index="1">
              <value>
                <![CDATA["Bank login validation"]]>
              </value>
            </param>
          </params>
          <reporter-output>
          </reporter-output>
        </test-method> <!-- runScenario -->
        <test-method is-config="true" signature="tearDownClass()[pri:0, instance:Runner.TestrunnerLogin@1283bb96]" started-at="2024-12-18T14:23:43 IST" name="tearDownClass" finished-at="2024-12-18T14:23:43 IST" duration-ms="36" status="PASS">
          <reporter-output>
          </reporter-output>
        </test-method> <!-- tearDownClass -->
      </class> <!-- Runner.TestrunnerLogin -->
    </test> <!-- C:/Users/Admin/IdeaProjects/CucumberProject -->
  </suite> <!-- All Test Suite -->
</testng-results>
